0 silly argv {
0 silly argv   _: [ 'import' ],
0 silly argv   lernaVersion: '3.20.2',
0 silly argv   '$0': 'lerna',
0 silly argv   dir: '/home/noah/github/renproject/ren-js'
0 silly argv }
1 notice cli v3.20.2
2 verbose rootPath /home/noah/github/renproject/ren-lerna
3 error Error: Command failed: git rev-parse HEAD
3 error fatal: ambiguous argument 'HEAD': unknown revision or path not in the working tree.
3 error Use '--' to separate paths from revisions, like this:
3 error 'git <command> [<revision>...] -- [<file>...]'
3 error
3 error HEAD
3 error
3 error     at makeError (/home/noah/.nvm/versions/node/v12.13.1/lib/node_modules/lerna/node_modules/execa/index.js:174:9)
3 error     at Function.module.exports.sync (/home/noah/.nvm/versions/node/v12.13.1/lib/node_modules/lerna/node_modules/execa/index.js:338:15)
3 error     at Object.execSync (/home/noah/.nvm/versions/node/v12.13.1/lib/node_modules/lerna/node_modules/@lerna/child-process/index.js:26:16)
3 error     at ImportCommand.execSync (/home/noah/.nvm/versions/node/v12.13.1/lib/node_modules/lerna/node_modules/@lerna/import/index.js:143:34)
3 error     at ImportCommand.getCurrentSHA (/home/noah/.nvm/versions/node/v12.13.1/lib/node_modules/lerna/node_modules/@lerna/import/index.js:135:17)
3 error     at ImportCommand.initialize (/home/noah/.nvm/versions/node/v12.13.1/lib/node_modules/lerna/node_modules/@lerna/import/index.js:104:31)
3 error     at /home/noah/.nvm/versions/node/v12.13.1/lib/node_modules/lerna/node_modules/@lerna/command/index.js:272:24
